<?xml version="1.0" encoding="UTF-8"?>
<!-- Generated by org.testng.reporters.JUnitReportReporter -->
<testsuite hostname="DESKTOP-5Q42P2J" failures="0" tests="1" name="com.clearcode.testsuite.TestSuite1" time="0.000" errors="0" timestamp="2020-06-24T22:51:38 IST" skipped="1">
  <testcase classname="com.clearcode.testsuite.TestSuite1" name="RealEstate" time="0.000">
    <skipped/>
  </testcase> <!-- RealEstate -->
</testsuite> <!-- com.clearcode.testsuite.TestSuite1 -->
